<?xml version="1.0" encoding="UTF-8"?>
<!-- Generated by org.testng.reporters.JUnitReportReporter -->
<testsuite hostname="DESKTOP-8RU38C3" failures="0" tests="1" name="tests.AnnonceTest" time="38.899" errors="0" timestamp="2024-07-23T17:54:15 WEST" skipped="0">
  <testcase classname="tests.AnnonceTest" name="invalidImageType" time="38.899"/>
</testsuite> <!-- tests.AnnonceTest -->
