<?xml version="1.0" encoding="UTF-8"?>
<!-- Generated by org.testng.reporters.JUnitReportReporter -->
<testsuite hostname="DESKTOP-8RU38C3" failures="0" tests="1" name="tests.registerTest" time="35.660" errors="0" timestamp="2024-07-19T04:41:47 WEST" skipped="0">
  <testcase classname="tests.registerTest" name="validRegistration" time="35.660"/>
</testsuite> <!-- tests.registerTest -->
