<?xml version="1.0" encoding="UTF-8"?>
<!-- Generated by org.testng.reporters.JUnitReportReporter -->
<testsuite hostname="DESKTOP-8RU38C3" failures="0" tests="1" name="pom.LoginTest" time="40.145" errors="0" timestamp="2024-07-17T22:16:29 WEST" skipped="0">
  <testcase classname="pom.LoginTest" name="Setup" time="40.145"/>
</testsuite> <!-- pom.LoginTest -->
