<?xml version="1.0" encoding="UTF-8"?>
<!-- Generated by org.testng.reporters.JUnitReportReporter -->
<testsuite hostname="DESKTOP-8RU38C3" failures="0" tests="1" name="tests.homeTest" time="30.085" errors="0" timestamp="2024-07-19T18:28:54 WEST" skipped="0">
  <testcase classname="tests.homeTest" name="noResultSearch" time="30.085"/>
</testsuite> <!-- tests.homeTest -->
